<?xml version="1.0" encoding="UTF-8"?>
<!-- Generated by org.testng.reporters.JUnitReportReporter -->
<testsuite hostname="Qcentris-396" failures="0" tests="1" name="TestComponents.BaseTest" time="9.096" errors="0" timestamp="2024-12-04T11:54:28 EET" skipped="0">
  <testcase classname="TestComponents.BaseTest" name="intialization" time="9.096"/>
  <system-out/>
</testsuite> <!-- TestComponents.BaseTest -->
