<?xml version="1.0" encoding="UTF-8"?>
<!-- Generated by org.testng.reporters.JUnitReportReporter -->
<testsuite hostname="Qcentris-396" failures="0" tests="1" name="Tests.SubmitOrderTest" time="5.485" errors="0" timestamp="2024-12-05T14:37:56 EET" skipped="0">
  <testcase classname="Tests.SubmitOrderTest" name="openBrowser" time="5.485"/>
  <system-out/>
</testsuite> <!-- Tests.SubmitOrderTest -->
